D:\CHELGU\CURS\CRYPTOCHAT_VS2012\CRYPTOCHAT_VS2012\DEBUG\ELLIPTICCURVE.OBJ
D:\CHELGU\CURS\CRYPTOCHAT_VS2012\CRYPTOCHAT_VS2012\DEBUG\ERRORSHANDLE.OBJ
D:\CHELGU\CURS\CRYPTOCHAT_VS2012\CRYPTOCHAT_VS2012\DEBUG\MAIN.OBJ
D:\CHELGU\CURS\CRYPTOCHAT_VS2012\CRYPTOCHAT_VS2012\DEBUG\POLYNOM.OBJ
D:\CHELGU\CURS\CRYPTOCHAT_VS2012\CRYPTOCHAT_VS2012\DEBUG\VC100.PDB
D:\CHELGU\CURS\CRYPTOCHAT_VS2012\CRYPTOCHAT_VS2012\DEBUG\CRYPTOCHAT.EXE
D:\CHELGU\CURS\CRYPTOCHAT_VS2012\CRYPTOCHAT_VS2012\DEBUG\CRYPTOCHAT.EXE.INTERMEDIATE.MANIFEST
D:\CHELGU\CURS\CRYPTOCHAT_VS2012\CRYPTOCHAT_VS2012\DEBUG\TEMPLATE1.PDB
D:\CHELGU\CURS\CRYPTOCHAT_VS2012\CRYPTOCHAT_VS2012\DEBUG\RESOURCE.RES
D:\CHELGU\Curs\CryptoChat_VS2012\CryptoChat_VS2012\Debug\EllipticCurve.obj
D:\CHELGU\Curs\CryptoChat_VS2012\CryptoChat_VS2012\Debug\ErrorsHandle.obj
D:\CHELGU\Curs\CryptoChat_VS2012\CryptoChat_VS2012\Debug\main.obj
D:\CHELGU\Curs\CryptoChat_VS2012\CryptoChat_VS2012\Debug\Polynom.obj
D:\CHELGU\Curs\CryptoChat_VS2012\CryptoChat_VS2012\Debug\cl.command.1.tlog
D:\CHELGU\Curs\CryptoChat_VS2012\CryptoChat_VS2012\Debug\CL.read.1.tlog
D:\CHELGU\Curs\CryptoChat_VS2012\CryptoChat_VS2012\Debug\CL.write.1.tlog
D:\CHELGU\Curs\CryptoChat_VS2012\CryptoChat_VS2012\Debug\link-cvtres.read.1.tlog
D:\CHELGU\Curs\CryptoChat_VS2012\CryptoChat_VS2012\Debug\link-cvtres.write.1.tlog
D:\CHELGU\Curs\CryptoChat_VS2012\CryptoChat_VS2012\Debug\link.command.1.tlog
D:\CHELGU\Curs\CryptoChat_VS2012\CryptoChat_VS2012\Debug\link.read.1.tlog
D:\CHELGU\Curs\CryptoChat_VS2012\CryptoChat_VS2012\Debug\link.write.1.tlog
D:\CHELGU\Curs\CryptoChat_VS2012\CryptoChat_VS2012\Debug\mt.command.1.tlog
D:\CHELGU\Curs\CryptoChat_VS2012\CryptoChat_VS2012\Debug\mt.read.1.tlog
D:\CHELGU\Curs\CryptoChat_VS2012\CryptoChat_VS2012\Debug\mt.write.1.tlog
D:\CHELGU\Curs\CryptoChat_VS2012\CryptoChat_VS2012\Debug\rc.command.1.tlog
D:\CHELGU\Curs\CryptoChat_VS2012\CryptoChat_VS2012\Debug\rc.read.1.tlog
D:\CHELGU\Curs\CryptoChat_VS2012\CryptoChat_VS2012\Debug\rc.write.1.tlog
D:\CHELGU\Curs\CryptoChat_VS2012\CryptoChat_VS2012\Debug\CryptoChat.exe.intermediate.manifest
D:\CHELGU\Curs\CryptoChat_VS2012\CryptoChat_VS2012\Debug\resource.res
D:\CHELGU\Curs\CryptoChat_VS2012\CryptoChat_VS2012\Debug\vc100.idb
D:\CHELGU\Curs\CryptoChat_VS2012\CryptoChat_VS2012\Debug\template1.pdb
D:\CHELGU\Curs\CryptoChat_VS2012\CryptoChat_VS2012\Debug\vc100.pdb
D:\CHELGU\Curs\CryptoChat_VS2012\CryptoChat_VS2012\.\Debug\CryptoChat.exe
D:\CHELGU\Curs\CryptoChat_VS2012\CryptoChat_VS2012\.\Debug\CryptoChat.exe.intermediate.manifest
